Arguments: 
  /usr/local/Cellar/node/9.8.0/bin/node /usr/local/Cellar/yarn/1.5.1_1/libexec/bin/yarn.js

PATH: 
  /Users/zhaopeng/.rvm/gems/ruby-2.4.1/bin:/Users/zhaopeng/.rvm/gems/ruby-2.4.1@global/bin:/Users/zhaopeng/.rvm/rubies/ruby-2.4.1/bin:/usr/local/bin:/usr/bin:/bin:/usr/sbin:/sbin:/Users/zhaopeng/.rvm/gems/ruby-2.4.1/bin:/Users/zhaopeng/.rvm/gems/ruby-2.4.1@global/bin:/Users/zhaopeng/.rvm/rubies/ruby-2.4.1/bin:/Users/zhaopeng/Applications/apache-maven-3.5.2/bin:/Users/zhaopeng/.rvm/bin:/Users/zhaopeng/Applications/apache-maven-3.5.2/bin:/Users/zhaopeng/.rvm/bin

Yarn version: 
  1.5.1

Node version: 
  9.8.0

Platform: 
  darwin x64

npm manifest: 
  {
    "name": "project",
    "version": "0.0.0",
    "description": "description",
    "author": "",
    "license": "MIT",
    "scripts": {
      "format": "prettier --write \"**/*.ts\"",
      "start": "ts-node -r tsconfig-paths/register src/main.ts",
      "start:dev": "nodemon",
      "prestart:prod": "rm -rf dist && tsc",
      "start:prod": "node dist/main.js",
      "start:hmr": "node dist/server",
      "test": "jest",
      "test:cov": "jest --coverage",
      "test:e2e": "jest --config ./test/jest-e2e.json",
      "webpack": "webpack --config webpack.config.js"
    },
    "dependencies": {
      "@nestjs/common": "^5.0.0",
      "@nestjs/core": "^5.0.0", 
      "fastify-formbody": "^2.0.0",
      "reflect-metadata": "^0.1.12",
      "rxjs": "^6.0.0",
      "typescript": "^2.6.2"
    },
    "devDependencies": {
      "@nestjs/testing": "^5.0.0",
      "@types/express": "^4.0.39",
      "@types/jest": "^21.1.8",
      "@types/node": "^9.3.0",
      "@types/supertest": "^2.0.4",
      "jest": "^21.2.1",
      "nodemon": "^1.14.1",
      "prettier": "^1.11.1",
      "supertest": "^3.0.0",
      "ts-jest": "^21.2.4",
      "ts-loader": "^4.1.0",
      "ts-node": "^4.1.0",
      "tsconfig-paths": "^3.1.1",
      "tslint": "5.3.2",
      "webpack": "^4.2.0",
      "webpack-cli": "^2.0.13",
      "webpack-node-externals": "^1.6.0"
    },
    "jest": {
      "moduleFileExtensions": [
        "js",
        "json",
        "ts"
      ],
      "rootDir": "src",
      "testRegex": ".spec.ts$",
      "transform": {
        "^.+\\.(t|j)s$": "ts-jest"
      },
      "coverageDirectory": "../coverage"
    }
  }

yarn manifest: 
  No manifest

Lockfile: 
  No lockfile

Trace: 
  Error: http://registry.npmjs.org/typescript: ESOCKETTIMEDOUT
      at ClientRequest.<anonymous> (/usr/local/Cellar/yarn/1.5.1_1/libexec/lib/cli.js:133061:19)
      at Object.onceWrapper (events.js:272:13)
      at ClientRequest.emit (events.js:180:13)
      at Socket.emitTimeout (_http_client.js:702:34)
      at Object.onceWrapper (events.js:272:13)
      at Socket.emit (events.js:180:13)
      at Socket._onTimeout (net.js:393:8)
      at ontimeout (timers.js:466:11)
      at tryOnTimeout (timers.js:304:5)
      at Timer.listOnTimeout (timers.js:267:5)
